2026-03-02 21:36:46,723 | WARNING | Infeed mode changed to MANUAL
2026-03-02 21:37:05,731 | WARNING | Infeed operation changed to LOCAL
2026-03-02 21:40:46,186 | WARNING | Infeed operation changed to REMOTE
2026-03-02 21:41:03,285 | WARNING | Infeed operation changed to LOCAL
2026-03-02 21:41:21,548 | WARNING | Infeed mode changed to AUTO
2026-03-02 21:41:22,323 | WARNING | Infeed operation changed to REMOTE
2026-03-02 21:42:02,389 | WARNING | Infeed mode changed to MANUAL
2026-03-02 21:42:02,389 | WARNING | Infeed operation changed to LOCAL
2026-03-02 21:42:08,722 | WARNING | Infeed mode changed to AUTO
2026-03-02 21:42:09,327 | WARNING | Infeed mode changed to MANUAL
2026-03-02 21:42:09,933 | WARNING | Infeed mode changed to AUTO
2026-03-02 21:42:10,222 | WARNING | Infeed mode changed to MANUAL
2026-03-02 21:42:10,961 | WARNING | Infeed mode changed to AUTO
2026-03-02 21:42:11,118 | WARNING | Infeed mode changed to MANUAL
2026-03-02 21:42:13,056 | WARNING | Infeed mode changed to AUTO
2026-03-02 21:42:13,526 | WARNING | Infeed mode changed to MANUAL
2026-03-02 21:42:13,976 | WARNING | Infeed mode changed to AUTO
2026-03-02 21:42:14,365 | WARNING | Infeed mode changed to MANUAL
2026-03-02 21:51:28,771 | WARNING | Infeed operation changed to REMOTE
2026-03-02 21:51:40,545 | WARNING | Infeed operation changed to LOCAL
2026-03-02 21:57:39,106 | WARNING | Infeed mode changed to AUTO
2026-03-02 21:57:41,599 | WARNING | Infeed mode changed to MANUAL
2026-03-02 21:57:46,036 | WARNING | Infeed operation changed to REMOTE
2026-03-02 21:57:48,952 | WARNING | Infeed operation changed to LOCAL
2026-03-02 21:58:15,283 | WARNING | Outfeed mode changed to AUTO
2026-03-02 21:58:16,920 | WARNING | Outfeed mode changed to MANUAL
2026-03-02 21:58:19,211 | WARNING | Outfeed operation changed to REMOTE
2026-03-02 21:58:20,296 | WARNING | Outfeed operation changed to LOCAL
